  main.cpp
c:\users\adri\pro\uni 3\métodos algorítmicos de resolución de problemas\juez\marp22\marp22\main.cpp(33): warning C4101: 'consultas': variable local sin referencia
c:\users\adri\pro\uni 3\métodos algorítmicos de resolución de problemas\juez\marp22\marp22\priorityqueue.h(40): warning C4018: '<': no coinciden signed/unsigned
  c:\users\adri\pro\uni 3\métodos algorítmicos de resolución de problemas\juez\marp22\marp22\priorityqueue.h(38): note: durante la compilación de la función miembro de plantilla clase de 'PriorityQueue<Arista<int>,std::less<T>>::PriorityQueue(const std::vector<Arista<int>,std::allocator<_Ty>> &,Comparator)'
          with
          [
              T=Arista<int>,
              _Ty=Arista<int>,
              Comparator=std::less<Arista<int>>
          ]
  c:\users\adri\pro\uni 3\métodos algorítmicos de resolución de problemas\juez\marp22\marp22\main.cpp(13): note: vea la referencia a la creación de instancias de plantilla de función 'PriorityQueue<Arista<int>,std::less<T>>::PriorityQueue(const std::vector<Arista<int>,std::allocator<_Ty>> &,Comparator)' que se está compilando
          with
          [
              T=Arista<int>,
              _Ty=Arista<int>,
              Comparator=std::less<Arista<int>>
          ]
  c:\users\adri\pro\uni 3\métodos algorítmicos de resolución de problemas\juez\marp22\marp22\main.cpp(13): note: vea la referencia a la creación de instancias de plantilla clase de 'PriorityQueue<Arista<int>,std::less<T>>' que se está compilando
          with
          [
              T=Arista<int>
          ]
  marp22.vcxproj -> C:\Users\Adri\pro\UNI 3\Métodos algorítmicos de resolución de problemas\Juez\marp22\Debug\marp22.exe
